<?xml version="1.0" encoding="UTF-8"?>
<!-- Generated by org.testng.reporters.JUnitReportReporter -->
<testsuite skipped="0" hostname="DESKTOP-UBIO2QH" name="tests.TestNG_Demo" tests="2" failures="0" timestamp="2022-04-22T15:11:42 ICT" time="3.347" errors="0">
  <testcase name="parabankLoginFailTest" time="1.314" classname="tests.TestNG_Demo"/>
  <system-out/>
  <testcase name="parabankLoginFailTest" time="2.033" classname="tests.TestNG_Demo"/>
  <system-out/>
</testsuite> <!-- tests.TestNG_Demo -->
